<?xml version="1.0" encoding="UTF-8"?>
<!-- Generated by org.testng.reporters.JUnitReportReporter -->
<testsuite hostname="DESKTOP-J7P6RIK" failures="0" tests="1" name="com.testcases.sample.A" time="0.009" errors="0" timestamp="2024-02-28T18:57:20 EST" skipped="0">
  <testcase classname="com.testcases.sample.A" name="a2" time="0.009"/>
  <system-out/>
</testsuite> <!-- com.testcases.sample.A -->
