<?xml version="1.0" encoding="UTF-8"?>
<!-- Generated by org.testng.reporters.JUnitReportReporter -->
<testsuite hostname="DESKTOP-J7P6RIK" failures="0" tests="1" name="com.testcases.sample.B" time="0.001" errors="0" timestamp="2024-02-28T18:57:20 EST" skipped="0">
  <testcase classname="com.testcases.sample.B" name="b3" time="0.001"/>
  <system-out/>
</testsuite> <!-- com.testcases.sample.B -->
