<?xml version="1.0" encoding="UTF-8"?>
<!-- Generated by org.testng.reporters.JUnitReportReporter -->
<testsuite hostname="DESKTOP-J7P6RIK" failures="0" tests="1" name="com.testcases.login.Login" time="0.623" errors="0" timestamp="2021-08-21T14:20:58 PKT" skipped="0">
  <testcase classname="com.testcases.login.Login" name="validlogin" time="0.623"/>
  <system-out/>
</testsuite> <!-- com.testcases.login.Login -->
